[debug] [2025-07-11T14:42:52.343Z] ----------------------------------------------------------------------
[debug] [2025-07-11T14:42:52.360Z] Command:       /nix/store/rbdrkcs5kkwpalxcd7c6bnm33lk2955n-nodejs-20.19.0/bin/node /nix/store/fprgfkwna33crhc86jqbf5878piivvgw-firebase-tools-14.7.0/lib/node_modules/firebase-tools/lib/bin/firebase.js init
[debug] [2025-07-11T14:42:52.362Z] CLI Version:   14.7.0
[debug] [2025-07-11T14:42:52.362Z] Platform:      linux
[debug] [2025-07-11T14:42:52.362Z] Node Version:  v20.19.0
[debug] [2025-07-11T14:42:52.363Z] Time:          Fri Jul 11 2025 14:42:52 GMT+0000 (Coordinated Universal Time)
[debug] [2025-07-11T14:42:52.363Z] ----------------------------------------------------------------------
[debug] 
[debug] [2025-07-11T14:42:52.368Z] >>> [apiv2][query] GET https://firebase-public.firebaseio.com/cli.json [none]
[debug] [2025-07-11T14:42:52.458Z] > command requires scopes: ["email","openid","https://www.googleapis.com/auth/cloudplatformprojects.readonly","https://www.googleapis.com/auth/firebase","https://www.googleapis.com/auth/cloud-platform"]
[debug] [2025-07-11T14:42:52.842Z] <<< [apiv2][status] GET https://firebase-public.firebaseio.com/cli.json 200
[debug] [2025-07-11T14:42:52.849Z] <<< [apiv2][body] GET https://firebase-public.firebaseio.com/cli.json {"cloudBuildErrorAfter":1594252800000,"cloudBuildWarnAfter":1590019200000,"defaultNode10After":1594252800000,"minVersion":"3.0.5","node8DeploysDisabledAfter":1613390400000,"node8RuntimeDisabledAfter":1615809600000,"node8WarnAfter":1600128000000}
[debug] [2025-07-11T14:44:36.283Z] Running auto auth
[info] 
     ######## #### ########  ######## ########     ###     ######  ########
     ##        ##  ##     ## ##       ##     ##  ##   ##  ##       ##
     ######    ##  ########  ######   ########  #########  ######  ######
     ##        ##  ##    ##  ##       ##     ## ##     ##       ## ##
     ##       #### ##     ## ######## ########  ##     ##  ######  ########

You're about to initialize a Firebase project in this directory:

  /home/user/studio

